<?xml version="1.0" encoding="UTF-8"?>
<!-- Generated by org.testng.reporters.JUnitReportReporter -->
<testsuite skipped="0" hostname="BG3WS0348" name="com.selenium.demo.tests.TestARElements" tests="3" failures="0" timestamp="27 Jun 2020 05:50:53 GMT" time="6.767" errors="0">
  <testcase name="testHeader" time="2.147" classname="com.selenium.demo.tests.TestARElements"/>
  <testcase name="testAddButton" time="2.321" classname="com.selenium.demo.tests.TestARElements"/>
  <testcase name="testDelButton" time="2.299" classname="com.selenium.demo.tests.TestARElements"/>
</testsuite> <!-- com.selenium.demo.tests.TestARElements -->
