<?xml version="1.0" encoding="UTF-8"?>
<!-- Generated by org.testng.reporters.JUnitReportReporter -->
<testsuite skipped="0" hostname="BG3WS0348" name="com.selenium.demo.tests.ContextMenuPageTest" tests="4" failures="0" timestamp="27 Jun 2020 05:50:53 GMT" time="10.154" errors="0">
  <testcase name="testHeaderCheckBox" time="1.902" classname="com.selenium.demo.tests.ContextMenuPageTest"/>
  <testcase name="testfrstStmt" time="1.521" classname="com.selenium.demo.tests.ContextMenuPageTest"/>
  <testcase name="testSecndCheckBox" time="1.512" classname="com.selenium.demo.tests.ContextMenuPageTest"/>
  <testcase name="testAlertBox" time="5.219" classname="com.selenium.demo.tests.ContextMenuPageTest"/>
</testsuite> <!-- com.selenium.demo.tests.ContextMenuPageTest -->
