<?xml version="1.0" encoding="UTF-8"?>
<!-- Generated by org.testng.reporters.JUnitReportReporter -->
<testsuite skipped="0" hostname="BG3WS0348" name="com.selenium.demo.tests.DragAndDropPageTest" tests="1" failures="0" timestamp="27 Jun 2020 05:50:53 GMT" time="3.772" errors="0">
  <testcase name="testHeaderCheckBox" time="3.772" classname="com.selenium.demo.tests.DragAndDropPageTest"/>
</testsuite> <!-- com.selenium.demo.tests.DragAndDropPageTest -->
