<?xml version="1.0" encoding="UTF-8"?>
<!-- Generated by org.testng.reporters.JUnitReportReporter -->
<testsuite skipped="0" hostname="BG3WS0348" name="com.selenium.demo.tests.BasicAuthTest" tests="1" failures="0" timestamp="27 Jun 2020 05:50:53 GMT" time="4.379" errors="0">
  <testcase name="sucessTestAuthontication" time="4.379" classname="com.selenium.demo.tests.BasicAuthTest"/>
</testsuite> <!-- com.selenium.demo.tests.BasicAuthTest -->
