<?xml version="1.0" encoding="UTF-8"?>
<!-- Generated by org.testng.reporters.JUnitReportReporter -->
<testsuite skipped="0" hostname="BG3WS0348" name="FirstTestNgClass" tests="1" failures="0" timestamp="17 Jun 2020 10:34:11 GMT" time="2.521" errors="0">
  <testcase name="f" time="2.521" classname="FirstTestNgClass"/>
</testsuite> <!-- FirstTestNgClass -->
