<?xml version="1.0" encoding="UTF-8"?>
<!-- Generated by org.testng.reporters.JUnitReportReporter -->
<testsuite skipped="0" hostname="BG3WS0348" name="com.selenium.demo.DisAppearingElement" tests="6" failures="0" timestamp="19 Jun 2020 04:15:06 GMT" time="12.225" errors="0">
  <testcase name="contactUsTesting" time="1.957" classname="com.selenium.demo.DisAppearingElement"/>
  <testcase name="galleryButtonTesting" time="2.140" classname="com.selenium.demo.DisAppearingElement"/>
  <testcase name="disAppElemnslinkTest" time="2.106" classname="com.selenium.demo.DisAppearingElement"/>
  <testcase name="aboutButtonTesting" time="2.124" classname="com.selenium.demo.DisAppearingElement"/>
  <testcase name="portfolio" time="1.994" classname="com.selenium.demo.DisAppearingElement"/>
  <testcase name="HomeButton" time="1.904" classname="com.selenium.demo.DisAppearingElement"/>
</testsuite> <!-- com.selenium.demo.DisAppearingElement -->
