<?xml version="1.0" encoding="UTF-8"?>
<!-- Generated by org.testng.reporters.JUnitReportReporter -->
<testsuite skipped="0" hostname="BG3WS0348" name="com.selenium.demo.IEWebDriver" tests="1" failures="0" timestamp="17 Jun 2020 15:20:42 GMT" time="8.086" errors="0">
  <testcase name="launchBrowser" time="8.086" classname="com.selenium.demo.IEWebDriver"/>
</testsuite> <!-- com.selenium.demo.IEWebDriver -->
