<?xml version="1.0" encoding="UTF-8"?>
<!-- Generated by org.testng.reporters.JUnitReportReporter -->
<testsuite skipped="0" hostname="BG3WS0348" name="com.selenium.demo.CheckBox" tests="3" failures="0" timestamp="18 Jun 2020 12:18:10 GMT" time="3.514" errors="0">
  <testcase name="checkTesting" time="0.777" classname="com.selenium.demo.CheckBox"/>
  <testcase name="navtocheckbox" time="2.192" classname="com.selenium.demo.CheckBox"/>
  <testcase name="uncheckTesting" time="0.545" classname="com.selenium.demo.CheckBox"/>
</testsuite> <!-- com.selenium.demo.CheckBox -->
