<?xml version="1.0" encoding="UTF-8"?>
<!-- Generated by org.testng.reporters.JUnitReportReporter -->
<testsuite skipped="0" hostname="BG3WS0348" name="com.selenium.demo.tests.CheckBoxPageTest" tests="3" failures="0" timestamp="27 Jun 2020 05:50:53 GMT" time="5.140" errors="0">
  <testcase name="testHeaderCheckBox" time="1.899" classname="com.selenium.demo.tests.CheckBoxPageTest"/>
  <testcase name="testfrstCheckBox" time="1.730" classname="com.selenium.demo.tests.CheckBoxPageTest"/>
  <testcase name="testSecndCheckBox" time="1.511" classname="com.selenium.demo.tests.CheckBoxPageTest"/>
</testsuite> <!-- com.selenium.demo.tests.CheckBoxPageTest -->
