<?xml version="1.0" encoding="UTF-8"?>
<!-- Generated by org.testng.reporters.JUnitReportReporter -->
<testsuite skipped="0" hostname="BG3WS0348" name="com.selenium.demo.tests.TestHomePage" tests="3" failures="0" timestamp="27 Jun 2020 05:50:53 GMT" time="176.777" errors="0">
  <testcase name="testFirstHeader" time="0.548" classname="com.selenium.demo.tests.TestHomePage"/>
  <testcase name="testSecondHeader" time="0.513" classname="com.selenium.demo.tests.TestHomePage"/>
  <testcase name="tsetClickOnLink" time="175.716" classname="com.selenium.demo.tests.TestHomePage"/>
</testsuite> <!-- com.selenium.demo.tests.TestHomePage -->
