<?xml version="1.0" encoding="UTF-8"?>
<!-- Generated by org.testng.reporters.JUnitReportReporter -->
<testsuite skipped="0" hostname="BG3WS0348" name="com.selenium.demo.DragAndDrop" tests="2" failures="0" timestamp="19 Jun 2020 05:04:37 GMT" time="6.293" errors="0">
  <testcase name="draganddroplinkTest" time="1.997" classname="com.selenium.demo.DragAndDrop"/>
  <testcase name="headerAEleTesting" time="4.296" classname="com.selenium.demo.DragAndDrop"/>
</testsuite> <!-- com.selenium.demo.DragAndDrop -->
